[2025-12-29 17:14:51] [[31merror[39m]: [31mServer startup failed:[39m
[31mCannot subscribe to topic while consumer is running[39m
[31mKafkaJSNonRetriableError: Cannot subscribe to topic while consumer is running[39m
[31m    at Object.subscribe (D:\Projects\BrocamP\Projects\Personal Projects\21. Slotflow\Slotflow-Notification-Backend\node_modules\kafkajs\src\consumer\index.js:136:13)[39m
[31m    at KafkaConsumerService.subscribe (D:\Projects\BrocamP\Projects\Personal Projects\21. Slotflow\Slotflow-Notification-Backend\src\infrastructure\messaging\kafka.consumer.ts:29:29)[39m
[31m    at ListenNotificationEventsUseCase.execute (D:\Projects\BrocamP\Projects\Personal Projects\21. Slotflow\Slotflow-Notification-Backend\src\application\useCases\listenKafkaEvent.useCase.ts:13:32)[39m
[31m    at process.processTicksAndRejections (node:internal/process/task_queues:105:5)[39m
[31m    at async KafkaConsumerController.startListening (D:\Projects\BrocamP\Projects\Personal Projects\21. Slotflow\Slotflow-Notification-Backend\src\interface\kafka.consumer.controller.ts:36:5)[39m
[31m    at async start (D:\Projects\BrocamP\Projects\Personal Projects\21. Slotflow\Slotflow-Notification-Backend\src\server.ts:11:5)[39m
[2025-12-29 17:15:21] [[31merror[39m]: [31mServer startup failed:[39m
[31mCannot subscribe to topic while consumer is running[39m
[31mKafkaJSNonRetriableError: Cannot subscribe to topic while consumer is running[39m
[31m    at Object.subscribe (D:\Projects\BrocamP\Projects\Personal Projects\21. Slotflow\Slotflow-Notification-Backend\node_modules\kafkajs\src\consumer\index.js:136:13)[39m
[31m    at KafkaConsumerService.subscribe (D:\Projects\BrocamP\Projects\Personal Projects\21. Slotflow\Slotflow-Notification-Backend\src\infrastructure\messaging\kafka.consumer.ts:29:29)[39m
[31m    at ListenNotificationEventsUseCase.execute (D:\Projects\BrocamP\Projects\Personal Projects\21. Slotflow\Slotflow-Notification-Backend\src\application\useCases\listenKafkaEvent.useCase.ts:13:32)[39m
[31m    at process.processTicksAndRejections (node:internal/process/task_queues:105:5)[39m
[31m    at async KafkaConsumerController.startListening (D:\Projects\BrocamP\Projects\Personal Projects\21. Slotflow\Slotflow-Notification-Backend\src\interface\kafka.consumer.controller.ts:36:5)[39m
[31m    at async start (D:\Projects\BrocamP\Projects\Personal Projects\21. Slotflow\Slotflow-Notification-Backend\src\server.ts:11:5)[39m
[2025-12-29 17:16:22] [[31merror[39m]: [31mServer startup failed:[39m
[31mCannot subscribe to topic while consumer is running[39m
[31mKafkaJSNonRetriableError: Cannot subscribe to topic while consumer is running[39m
[31m    at Object.subscribe (D:\Projects\BrocamP\Projects\Personal Projects\21. Slotflow\Slotflow-Notification-Backend\node_modules\kafkajs\src\consumer\index.js:136:13)[39m
[31m    at KafkaConsumerService.subscribe (D:\Projects\BrocamP\Projects\Personal Projects\21. Slotflow\Slotflow-Notification-Backend\src\infrastructure\messaging\kafka.consumer.ts:29:29)[39m
[31m    at ListenNotificationEventsUseCase.execute (D:\Projects\BrocamP\Projects\Personal Projects\21. Slotflow\Slotflow-Notification-Backend\src\application\useCases\listenKafkaEvent.useCase.ts:13:32)[39m
[31m    at process.processTicksAndRejections (node:internal/process/task_queues:105:5)[39m
[31m    at async KafkaConsumerController.startListening (D:\Projects\BrocamP\Projects\Personal Projects\21. Slotflow\Slotflow-Notification-Backend\src\interface\kafka.consumer.controller.ts:36:5)[39m
[31m    at async start (D:\Projects\BrocamP\Projects\Personal Projects\21. Slotflow\Slotflow-Notification-Backend\src\server.ts:11:5)[39m
[2025-12-29 17:18:16] [[31merror[39m]: [31mServer startup failed:[39m
[31mCannot subscribe to topic while consumer is running[39m
[31mKafkaJSNonRetriableError: Cannot subscribe to topic while consumer is running[39m
[31m    at Object.subscribe (D:\Projects\BrocamP\Projects\Personal Projects\21. Slotflow\Slotflow-Notification-Backend\node_modules\kafkajs\src\consumer\index.js:136:13)[39m
[31m    at KafkaConsumerService.subscribe (D:\Projects\BrocamP\Projects\Personal Projects\21. Slotflow\Slotflow-Notification-Backend\src\infrastructure\messaging\kafka.consumer.ts:29:29)[39m
[31m    at ListenNotificationEventsUseCase.execute (D:\Projects\BrocamP\Projects\Personal Projects\21. Slotflow\Slotflow-Notification-Backend\src\application\useCases\listenKafkaEvent.useCase.ts:13:32)[39m
[31m    at process.processTicksAndRejections (node:internal/process/task_queues:105:5)[39m
[31m    at async KafkaConsumerController.startListening (D:\Projects\BrocamP\Projects\Personal Projects\21. Slotflow\Slotflow-Notification-Backend\src\interface\kafka.consumer.controller.ts:36:5)[39m
[31m    at async start (D:\Projects\BrocamP\Projects\Personal Projects\21. Slotflow\Slotflow-Notification-Backend\src\server.ts:11:5)[39m
[2025-12-29 17:18:46] [[31merror[39m]: [31mServer startup failed:[39m
[31mCannot subscribe to topic while consumer is running[39m
[31mKafkaJSNonRetriableError: Cannot subscribe to topic while consumer is running[39m
[31m    at Object.subscribe (D:\Projects\BrocamP\Projects\Personal Projects\21. Slotflow\Slotflow-Notification-Backend\node_modules\kafkajs\src\consumer\index.js:136:13)[39m
[31m    at KafkaConsumerService.subscribe (D:\Projects\BrocamP\Projects\Personal Projects\21. Slotflow\Slotflow-Notification-Backend\src\infrastructure\messaging\kafka.consumer.ts:29:29)[39m
[31m    at ListenNotificationEventsUseCase.execute (D:\Projects\BrocamP\Projects\Personal Projects\21. Slotflow\Slotflow-Notification-Backend\src\application\useCases\listenKafkaEvent.useCase.ts:13:32)[39m
[31m    at process.processTicksAndRejections (node:internal/process/task_queues:105:5)[39m
[31m    at async KafkaConsumerController.startListening (D:\Projects\BrocamP\Projects\Personal Projects\21. Slotflow\Slotflow-Notification-Backend\src\interface\kafka.consumer.controller.ts:36:5)[39m
[31m    at async start (D:\Projects\BrocamP\Projects\Personal Projects\21. Slotflow\Slotflow-Notification-Backend\src\server.ts:11:5)[39m
[2025-12-29 17:23:24] [[31merror[39m]: [31mServer startup failed:[39m
[31mCannot subscribe to topic while consumer is running[39m
[31mKafkaJSNonRetriableError: Cannot subscribe to topic while consumer is running[39m
[31m    at Object.subscribe (D:\Projects\BrocamP\Projects\Personal Projects\21. Slotflow\Slotflow-Notification-Backend\node_modules\kafkajs\src\consumer\index.js:136:13)[39m
[31m    at KafkaConsumerService.subscribe (D:\Projects\BrocamP\Projects\Personal Projects\21. Slotflow\Slotflow-Notification-Backend\src\infrastructure\messaging\kafka.consumer.ts:31:29)[39m
[31m    at ListenNotificationEventsUseCase.execute (D:\Projects\BrocamP\Projects\Personal Projects\21. Slotflow\Slotflow-Notification-Backend\src\application\useCases\listenKafkaEvent.useCase.ts:13:32)[39m
[31m    at process.processTicksAndRejections (node:internal/process/task_queues:105:5)[39m
[31m    at async KafkaConsumerController.startListening (D:\Projects\BrocamP\Projects\Personal Projects\21. Slotflow\Slotflow-Notification-Backend\src\interface\kafka.consumer.controller.ts:36:5)[39m
[31m    at async start (D:\Projects\BrocamP\Projects\Personal Projects\21. Slotflow\Slotflow-Notification-Backend\src\server.ts:11:5)[39m
[2025-12-29 17:27:01] [[31merror[39m]: [31mServer startup failed:[39m
[31mCannot read properties of undefined (reading 'set')[39m
[31mTypeError: Cannot read properties of undefined (reading 'set')[39m
[31m    at KafkaConsumerService.subscribe (D:\Projects\BrocamP\Projects\Personal Projects\21. Slotflow\Slotflow-Notification-Backend\src\infrastructure\messaging\kafka.consumer.ts:37:26)[39m
[31m    at process.processTicksAndRejections (node:internal/process/task_queues:105:5)[39m
[31m    at async ListenNotificationEventsUseCase.execute (D:\Projects\BrocamP\Projects\Personal Projects\21. Slotflow\Slotflow-Notification-Backend\src\application\useCases\listenKafkaEvent.useCase.ts:13:7)[39m
[31m    at async KafkaConsumerController.startListening (D:\Projects\BrocamP\Projects\Personal Projects\21. Slotflow\Slotflow-Notification-Backend\src\interface\kafka.consumer.controller.ts:36:5)[39m
[31m    at async start (D:\Projects\BrocamP\Projects\Personal Projects\21. Slotflow\Slotflow-Notification-Backend\src\server.ts:11:5)[39m
[2025-12-29 17:27:13] [[31merror[39m]: [31mServer startup failed:[39m
[31mThis server does not host this topic-partition[39m
[31mKafkaJSProtocolError: This server does not host this topic-partition[39m
[31m    at createErrorFromCode (D:\Projects\BrocamP\Projects\Personal Projects\21. Slotflow\Slotflow-Notification-Backend\node_modules\kafkajs\src\protocol\error.js:581:10)[39m
[31m    at Object.parse (D:\Projects\BrocamP\Projects\Personal Projects\21. Slotflow\Slotflow-Notification-Backend\node_modules\kafkajs\src\protocol\requests\metadata\v0\response.js:55:11)[39m
[31m    at Connection.send (D:\Projects\BrocamP\Projects\Personal Projects\21. Slotflow\Slotflow-Notification-Backend\node_modules\kafkajs\src\network\connection.js:433:35)[39m
[31m    at process.processTicksAndRejections (node:internal/process/task_queues:105:5)[39m
[31m    at async [private:Broker:sendRequest] (D:\Projects\BrocamP\Projects\Personal Projects\21. Slotflow\Slotflow-Notification-Backend\node_modules\kafkajs\src\broker\index.js:904:14)[39m
[31m    at async Broker.metadata (D:\Projects\BrocamP\Projects\Personal Projects\21. Slotflow\Slotflow-Notification-Backend\node_modules\kafkajs\src\broker\index.js:177:12)[39m
[31m    at async D:\Projects\BrocamP\Projects\Personal Projects\21. Slotflow\Slotflow-Notification-Backend\node_modules\kafkajs\src\cluster\brokerPool.js:158:25[39m
[31m    at async D:\Projects\BrocamP\Projects\Personal Projects\21. Slotflow\Slotflow-Notification-Backend\node_modules\kafkajs\src\cluster\index.js:111:14[39m
[31m    at async Cluster.refreshMetadata (D:\Projects\BrocamP\Projects\Personal Projects\21. Slotflow\Slotflow-Notification-Backend\node_modules\kafkajs\src\cluster\index.js:172:5)[39m
[31m    at async Cluster.addMultipleTargetTopics (D:\Projects\BrocamP\Projects\Personal Projects\21. Slotflow\Slotflow-Notification-Backend\node_modules\kafkajs\src\cluster\index.js:230:11)[39m
[2025-12-29 17:30:44] [[31merror[39m]: [31mServer startup failed:[39m
[31mlog is not defined[39m
[31mReferenceError: log is not defined[39m
[31m    at KafkaConsumerService.connect (D:\Projects\BrocamP\Projects\Personal Projects\21. Slotflow\Slotflow-Notification-Backend\src\infrastructure\messaging\kafka.consumer.ts:24:9)[39m
[31m    at process.processTicksAndRejections (node:internal/process/task_queues:105:5)[39m
[31m    at async start (D:\Projects\BrocamP\Projects\Personal Projects\21. Slotflow\Slotflow-Notification-Backend\src\server.ts:10:5)[39m
[2025-12-29 17:30:45] [[31merror[39m]: [31mServer startup failed:[39m
[31mlog is not defined[39m
[31mReferenceError: log is not defined[39m
[31m    at KafkaConsumerService.connect (D:\Projects\BrocamP\Projects\Personal Projects\21. Slotflow\Slotflow-Notification-Backend\src\infrastructure\messaging\kafka.consumer.ts:24:9)[39m
[31m    at process.processTicksAndRejections (node:internal/process/task_queues:105:5)[39m
[31m    at async start (D:\Projects\BrocamP\Projects\Personal Projects\21. Slotflow\Slotflow-Notification-Backend\src\server.ts:10:5)[39m
[2025-12-29 17:30:49] [[31merror[39m]: [31mKafka consumer connected[39m
[2025-12-29 17:30:54] [[31merror[39m]: [31mServer startup failed:[39m
[31mlog.ifno is not a function[39m
[31mTypeError: log.ifno is not a function[39m
[31m    at KafkaConsumerService.connect (D:\Projects\BrocamP\Projects\Personal Projects\21. Slotflow\Slotflow-Notification-Backend\src\infrastructure\messaging\kafka.consumer.ts:25:13)[39m
[31m    at process.processTicksAndRejections (node:internal/process/task_queues:105:5)[39m
[31m    at async start (D:\Projects\BrocamP\Projects\Personal Projects\21. Slotflow\Slotflow-Notification-Backend\src\server.ts:10:5)[39m
[2025-12-29 18:52:08] [[31merror[39m]: [31mServer startup failed:[39m
[31mThis server does not host this topic-partition[39m
[31mKafkaJSProtocolError: This server does not host this topic-partition[39m
[31m    at createErrorFromCode (D:\Projects\BrocamP\Projects\Personal Projects\21. Slotflow\Slotflow-Notification-Backend\node_modules\kafkajs\src\protocol\error.js:581:10)[39m
[31m    at Object.parse (D:\Projects\BrocamP\Projects\Personal Projects\21. Slotflow\Slotflow-Notification-Backend\node_modules\kafkajs\src\protocol\requests\metadata\v0\response.js:55:11)[39m
[31m    at Connection.send (D:\Projects\BrocamP\Projects\Personal Projects\21. Slotflow\Slotflow-Notification-Backend\node_modules\kafkajs\src\network\connection.js:433:35)[39m
[31m    at process.processTicksAndRejections (node:internal/process/task_queues:105:5)[39m
[31m    at async [private:Broker:sendRequest] (D:\Projects\BrocamP\Projects\Personal Projects\21. Slotflow\Slotflow-Notification-Backend\node_modules\kafkajs\src\broker\index.js:904:14)[39m
[31m    at async Broker.metadata (D:\Projects\BrocamP\Projects\Personal Projects\21. Slotflow\Slotflow-Notification-Backend\node_modules\kafkajs\src\broker\index.js:177:12)[39m
[31m    at async D:\Projects\BrocamP\Projects\Personal Projects\21. Slotflow\Slotflow-Notification-Backend\node_modules\kafkajs\src\cluster\brokerPool.js:158:25[39m
[31m    at async D:\Projects\BrocamP\Projects\Personal Projects\21. Slotflow\Slotflow-Notification-Backend\node_modules\kafkajs\src\cluster\index.js:111:14[39m
[31m    at async Cluster.refreshMetadata (D:\Projects\BrocamP\Projects\Personal Projects\21. Slotflow\Slotflow-Notification-Backend\node_modules\kafkajs\src\cluster\index.js:172:5)[39m
[31m    at async Cluster.addMultipleTargetTopics (D:\Projects\BrocamP\Projects\Personal Projects\21. Slotflow\Slotflow-Notification-Backend\node_modules\kafkajs\src\cluster\index.js:230:11)[39m
[2025-12-29 18:52:09] [[31merror[39m]: [31mServer startup failed:[39m
[31mThis server does not host this topic-partition[39m
[31mKafkaJSProtocolError: This server does not host this topic-partition[39m
[31m    at createErrorFromCode (D:\Projects\BrocamP\Projects\Personal Projects\21. Slotflow\Slotflow-Notification-Backend\node_modules\kafkajs\src\protocol\error.js:581:10)[39m
[31m    at Object.parse (D:\Projects\BrocamP\Projects\Personal Projects\21. Slotflow\Slotflow-Notification-Backend\node_modules\kafkajs\src\protocol\requests\metadata\v0\response.js:55:11)[39m
[31m    at Connection.send (D:\Projects\BrocamP\Projects\Personal Projects\21. Slotflow\Slotflow-Notification-Backend\node_modules\kafkajs\src\network\connection.js:433:35)[39m
[31m    at process.processTicksAndRejections (node:internal/process/task_queues:105:5)[39m
[31m    at async [private:Broker:sendRequest] (D:\Projects\BrocamP\Projects\Personal Projects\21. Slotflow\Slotflow-Notification-Backend\node_modules\kafkajs\src\broker\index.js:904:14)[39m
[31m    at async Broker.metadata (D:\Projects\BrocamP\Projects\Personal Projects\21. Slotflow\Slotflow-Notification-Backend\node_modules\kafkajs\src\broker\index.js:177:12)[39m
[31m    at async D:\Projects\BrocamP\Projects\Personal Projects\21. Slotflow\Slotflow-Notification-Backend\node_modules\kafkajs\src\cluster\brokerPool.js:158:25[39m
[31m    at async D:\Projects\BrocamP\Projects\Personal Projects\21. Slotflow\Slotflow-Notification-Backend\node_modules\kafkajs\src\cluster\index.js:111:14[39m
[31m    at async Cluster.refreshMetadata (D:\Projects\BrocamP\Projects\Personal Projects\21. Slotflow\Slotflow-Notification-Backend\node_modules\kafkajs\src\cluster\index.js:172:5)[39m
[31m    at async Cluster.addMultipleTargetTopics (D:\Projects\BrocamP\Projects\Personal Projects\21. Slotflow\Slotflow-Notification-Backend\node_modules\kafkajs\src\cluster\index.js:230:11)[39m
[2025-12-29 18:52:11] [[31merror[39m]: [31mServer startup failed:[39m
[31mThis server does not host this topic-partition[39m
[31mKafkaJSProtocolError: This server does not host this topic-partition[39m
[31m    at createErrorFromCode (D:\Projects\BrocamP\Projects\Personal Projects\21. Slotflow\Slotflow-Notification-Backend\node_modules\kafkajs\src\protocol\error.js:581:10)[39m
[31m    at Object.parse (D:\Projects\BrocamP\Projects\Personal Projects\21. Slotflow\Slotflow-Notification-Backend\node_modules\kafkajs\src\protocol\requests\metadata\v0\response.js:55:11)[39m
[31m    at Connection.send (D:\Projects\BrocamP\Projects\Personal Projects\21. Slotflow\Slotflow-Notification-Backend\node_modules\kafkajs\src\network\connection.js:433:35)[39m
[31m    at process.processTicksAndRejections (node:internal/process/task_queues:105:5)[39m
[31m    at async [private:Broker:sendRequest] (D:\Projects\BrocamP\Projects\Personal Projects\21. Slotflow\Slotflow-Notification-Backend\node_modules\kafkajs\src\broker\index.js:904:14)[39m
[31m    at async Broker.metadata (D:\Projects\BrocamP\Projects\Personal Projects\21. Slotflow\Slotflow-Notification-Backend\node_modules\kafkajs\src\broker\index.js:177:12)[39m
[31m    at async D:\Projects\BrocamP\Projects\Personal Projects\21. Slotflow\Slotflow-Notification-Backend\node_modules\kafkajs\src\cluster\brokerPool.js:158:25[39m
[31m    at async D:\Projects\BrocamP\Projects\Personal Projects\21. Slotflow\Slotflow-Notification-Backend\node_modules\kafkajs\src\cluster\index.js:111:14[39m
[31m    at async Cluster.refreshMetadata (D:\Projects\BrocamP\Projects\Personal Projects\21. Slotflow\Slotflow-Notification-Backend\node_modules\kafkajs\src\cluster\index.js:172:5)[39m
[31m    at async Cluster.addMultipleTargetTopics (D:\Projects\BrocamP\Projects\Personal Projects\21. Slotflow\Slotflow-Notification-Backend\node_modules\kafkajs\src\cluster\index.js:230:11)[39m
[2025-12-29 18:52:12] [[31merror[39m]: [31mServer startup failed:[39m
[31mThis server does not host this topic-partition[39m
[31mKafkaJSProtocolError: This server does not host this topic-partition[39m
[31m    at createErrorFromCode (D:\Projects\BrocamP\Projects\Personal Projects\21. Slotflow\Slotflow-Notification-Backend\node_modules\kafkajs\src\protocol\error.js:581:10)[39m
[31m    at Object.parse (D:\Projects\BrocamP\Projects\Personal Projects\21. Slotflow\Slotflow-Notification-Backend\node_modules\kafkajs\src\protocol\requests\metadata\v0\response.js:55:11)[39m
[31m    at Connection.send (D:\Projects\BrocamP\Projects\Personal Projects\21. Slotflow\Slotflow-Notification-Backend\node_modules\kafkajs\src\network\connection.js:433:35)[39m
[31m    at process.processTicksAndRejections (node:internal/process/task_queues:105:5)[39m
[31m    at async [private:Broker:sendRequest] (D:\Projects\BrocamP\Projects\Personal Projects\21. Slotflow\Slotflow-Notification-Backend\node_modules\kafkajs\src\broker\index.js:904:14)[39m
[31m    at async Broker.metadata (D:\Projects\BrocamP\Projects\Personal Projects\21. Slotflow\Slotflow-Notification-Backend\node_modules\kafkajs\src\broker\index.js:177:12)[39m
[31m    at async D:\Projects\BrocamP\Projects\Personal Projects\21. Slotflow\Slotflow-Notification-Backend\node_modules\kafkajs\src\cluster\brokerPool.js:158:25[39m
[31m    at async D:\Projects\BrocamP\Projects\Personal Projects\21. Slotflow\Slotflow-Notification-Backend\node_modules\kafkajs\src\cluster\index.js:111:14[39m
[31m    at async Cluster.refreshMetadata (D:\Projects\BrocamP\Projects\Personal Projects\21. Slotflow\Slotflow-Notification-Backend\node_modules\kafkajs\src\cluster\index.js:172:5)[39m
[31m    at async Cluster.addMultipleTargetTopics (D:\Projects\BrocamP\Projects\Personal Projects\21. Slotflow\Slotflow-Notification-Backend\node_modules\kafkajs\src\cluster\index.js:230:11)[39m
[2025-12-29 18:52:13] [[31merror[39m]: [31mServer startup failed:[39m
[31mThis server does not host this topic-partition[39m
[31mKafkaJSProtocolError: This server does not host this topic-partition[39m
[31m    at createErrorFromCode (D:\Projects\BrocamP\Projects\Personal Projects\21. Slotflow\Slotflow-Notification-Backend\node_modules\kafkajs\src\protocol\error.js:581:10)[39m
[31m    at Object.parse (D:\Projects\BrocamP\Projects\Personal Projects\21. Slotflow\Slotflow-Notification-Backend\node_modules\kafkajs\src\protocol\requests\metadata\v0\response.js:55:11)[39m
[31m    at Connection.send (D:\Projects\BrocamP\Projects\Personal Projects\21. Slotflow\Slotflow-Notification-Backend\node_modules\kafkajs\src\network\connection.js:433:35)[39m
[31m    at process.processTicksAndRejections (node:internal/process/task_queues:105:5)[39m
[31m    at async [private:Broker:sendRequest] (D:\Projects\BrocamP\Projects\Personal Projects\21. Slotflow\Slotflow-Notification-Backend\node_modules\kafkajs\src\broker\index.js:904:14)[39m
[31m    at async Broker.metadata (D:\Projects\BrocamP\Projects\Personal Projects\21. Slotflow\Slotflow-Notification-Backend\node_modules\kafkajs\src\broker\index.js:177:12)[39m
[31m    at async D:\Projects\BrocamP\Projects\Personal Projects\21. Slotflow\Slotflow-Notification-Backend\node_modules\kafkajs\src\cluster\brokerPool.js:158:25[39m
[31m    at async D:\Projects\BrocamP\Projects\Personal Projects\21. Slotflow\Slotflow-Notification-Backend\node_modules\kafkajs\src\cluster\index.js:111:14[39m
[31m    at async Cluster.refreshMetadata (D:\Projects\BrocamP\Projects\Personal Projects\21. Slotflow\Slotflow-Notification-Backend\node_modules\kafkajs\src\cluster\index.js:172:5)[39m
[31m    at async Cluster.addMultipleTargetTopics (D:\Projects\BrocamP\Projects\Personal Projects\21. Slotflow\Slotflow-Notification-Backend\node_modules\kafkajs\src\cluster\index.js:230:11)[39m
[2025-12-29 18:52:14] [[31merror[39m]: [31mServer startup failed:[39m
[31mThis server does not host this topic-partition[39m
[31mKafkaJSProtocolError: This server does not host this topic-partition[39m
[31m    at createErrorFromCode (D:\Projects\BrocamP\Projects\Personal Projects\21. Slotflow\Slotflow-Notification-Backend\node_modules\kafkajs\src\protocol\error.js:581:10)[39m
[31m    at Object.parse (D:\Projects\BrocamP\Projects\Personal Projects\21. Slotflow\Slotflow-Notification-Backend\node_modules\kafkajs\src\protocol\requests\metadata\v0\response.js:55:11)[39m
[31m    at Connection.send (D:\Projects\BrocamP\Projects\Personal Projects\21. Slotflow\Slotflow-Notification-Backend\node_modules\kafkajs\src\network\connection.js:433:35)[39m
[31m    at process.processTicksAndRejections (node:internal/process/task_queues:105:5)[39m
[31m    at async [private:Broker:sendRequest] (D:\Projects\BrocamP\Projects\Personal Projects\21. Slotflow\Slotflow-Notification-Backend\node_modules\kafkajs\src\broker\index.js:904:14)[39m
[31m    at async Broker.metadata (D:\Projects\BrocamP\Projects\Personal Projects\21. Slotflow\Slotflow-Notification-Backend\node_modules\kafkajs\src\broker\index.js:177:12)[39m
[31m    at async D:\Projects\BrocamP\Projects\Personal Projects\21. Slotflow\Slotflow-Notification-Backend\node_modules\kafkajs\src\cluster\brokerPool.js:158:25[39m
[31m    at async D:\Projects\BrocamP\Projects\Personal Projects\21. Slotflow\Slotflow-Notification-Backend\node_modules\kafkajs\src\cluster\index.js:111:14[39m
[31m    at async Cluster.refreshMetadata (D:\Projects\BrocamP\Projects\Personal Projects\21. Slotflow\Slotflow-Notification-Backend\node_modules\kafkajs\src\cluster\index.js:172:5)[39m
[31m    at async Cluster.addMultipleTargetTopics (D:\Projects\BrocamP\Projects\Personal Projects\21. Slotflow\Slotflow-Notification-Backend\node_modules\kafkajs\src\cluster\index.js:230:11)[39m
[2025-12-29 18:52:44] [[31merror[39m]: [31mServer startup failed:[39m
[31mThis server does not host this topic-partition[39m
[31mKafkaJSProtocolError: This server does not host this topic-partition[39m
[31m    at createErrorFromCode (D:\Projects\BrocamP\Projects\Personal Projects\21. Slotflow\Slotflow-Notification-Backend\node_modules\kafkajs\src\protocol\error.js:581:10)[39m
[31m    at Object.parse (D:\Projects\BrocamP\Projects\Personal Projects\21. Slotflow\Slotflow-Notification-Backend\node_modules\kafkajs\src\protocol\requests\metadata\v0\response.js:55:11)[39m
[31m    at Connection.send (D:\Projects\BrocamP\Projects\Personal Projects\21. Slotflow\Slotflow-Notification-Backend\node_modules\kafkajs\src\network\connection.js:433:35)[39m
[31m    at process.processTicksAndRejections (node:internal/process/task_queues:105:5)[39m
[31m    at async [private:Broker:sendRequest] (D:\Projects\BrocamP\Projects\Personal Projects\21. Slotflow\Slotflow-Notification-Backend\node_modules\kafkajs\src\broker\index.js:904:14)[39m
[31m    at async Broker.metadata (D:\Projects\BrocamP\Projects\Personal Projects\21. Slotflow\Slotflow-Notification-Backend\node_modules\kafkajs\src\broker\index.js:177:12)[39m
[31m    at async D:\Projects\BrocamP\Projects\Personal Projects\21. Slotflow\Slotflow-Notification-Backend\node_modules\kafkajs\src\cluster\brokerPool.js:158:25[39m
[31m    at async D:\Projects\BrocamP\Projects\Personal Projects\21. Slotflow\Slotflow-Notification-Backend\node_modules\kafkajs\src\cluster\index.js:111:14[39m
[31m    at async Cluster.refreshMetadata (D:\Projects\BrocamP\Projects\Personal Projects\21. Slotflow\Slotflow-Notification-Backend\node_modules\kafkajs\src\cluster\index.js:172:5)[39m
[31m    at async Cluster.addMultipleTargetTopics (D:\Projects\BrocamP\Projects\Personal Projects\21. Slotflow\Slotflow-Notification-Backend\node_modules\kafkajs\src\cluster\index.js:230:11)[39m
[2025-12-29 18:58:05] [[31merror[39m]: [31mServer startup failed:[39m
[31mThis server does not host this topic-partition[39m
[31mKafkaJSProtocolError: This server does not host this topic-partition[39m
[31m    at createErrorFromCode (D:\Projects\BrocamP\Projects\Personal Projects\21. Slotflow\Slotflow-Notification-Backend\node_modules\kafkajs\src\protocol\error.js:581:10)[39m
[31m    at Object.parse (D:\Projects\BrocamP\Projects\Personal Projects\21. Slotflow\Slotflow-Notification-Backend\node_modules\kafkajs\src\protocol\requests\metadata\v0\response.js:55:11)[39m
[31m    at Connection.send (D:\Projects\BrocamP\Projects\Personal Projects\21. Slotflow\Slotflow-Notification-Backend\node_modules\kafkajs\src\network\connection.js:433:35)[39m
[31m    at process.processTicksAndRejections (node:internal/process/task_queues:105:5)[39m
[31m    at async [private:Broker:sendRequest] (D:\Projects\BrocamP\Projects\Personal Projects\21. Slotflow\Slotflow-Notification-Backend\node_modules\kafkajs\src\broker\index.js:904:14)[39m
[31m    at async Broker.metadata (D:\Projects\BrocamP\Projects\Personal Projects\21. Slotflow\Slotflow-Notification-Backend\node_modules\kafkajs\src\broker\index.js:177:12)[39m
[31m    at async D:\Projects\BrocamP\Projects\Personal Projects\21. Slotflow\Slotflow-Notification-Backend\node_modules\kafkajs\src\cluster\brokerPool.js:158:25[39m
[31m    at async D:\Projects\BrocamP\Projects\Personal Projects\21. Slotflow\Slotflow-Notification-Backend\node_modules\kafkajs\src\cluster\index.js:111:14[39m
[31m    at async Cluster.refreshMetadata (D:\Projects\BrocamP\Projects\Personal Projects\21. Slotflow\Slotflow-Notification-Backend\node_modules\kafkajs\src\cluster\index.js:172:5)[39m
[31m    at async Cluster.addMultipleTargetTopics (D:\Projects\BrocamP\Projects\Personal Projects\21. Slotflow\Slotflow-Notification-Backend\node_modules\kafkajs\src\cluster\index.js:230:11)[39m
[2025-12-29 18:58:08] [[31merror[39m]: [31mServer startup failed:[39m
[31mThis server does not host this topic-partition[39m
[31mKafkaJSProtocolError: This server does not host this topic-partition[39m
[31m    at createErrorFromCode (D:\Projects\BrocamP\Projects\Personal Projects\21. Slotflow\Slotflow-Notification-Backend\node_modules\kafkajs\src\protocol\error.js:581:10)[39m
[31m    at Object.parse (D:\Projects\BrocamP\Projects\Personal Projects\21. Slotflow\Slotflow-Notification-Backend\node_modules\kafkajs\src\protocol\requests\metadata\v0\response.js:55:11)[39m
[31m    at Connection.send (D:\Projects\BrocamP\Projects\Personal Projects\21. Slotflow\Slotflow-Notification-Backend\node_modules\kafkajs\src\network\connection.js:433:35)[39m
[31m    at process.processTicksAndRejections (node:internal/process/task_queues:105:5)[39m
[31m    at async [private:Broker:sendRequest] (D:\Projects\BrocamP\Projects\Personal Projects\21. Slotflow\Slotflow-Notification-Backend\node_modules\kafkajs\src\broker\index.js:904:14)[39m
[31m    at async Broker.metadata (D:\Projects\BrocamP\Projects\Personal Projects\21. Slotflow\Slotflow-Notification-Backend\node_modules\kafkajs\src\broker\index.js:177:12)[39m
[31m    at async D:\Projects\BrocamP\Projects\Personal Projects\21. Slotflow\Slotflow-Notification-Backend\node_modules\kafkajs\src\cluster\brokerPool.js:158:25[39m
[31m    at async D:\Projects\BrocamP\Projects\Personal Projects\21. Slotflow\Slotflow-Notification-Backend\node_modules\kafkajs\src\cluster\index.js:111:14[39m
[31m    at async Cluster.refreshMetadata (D:\Projects\BrocamP\Projects\Personal Projects\21. Slotflow\Slotflow-Notification-Backend\node_modules\kafkajs\src\cluster\index.js:172:5)[39m
[31m    at async Cluster.addMultipleTargetTopics (D:\Projects\BrocamP\Projects\Personal Projects\21. Slotflow\Slotflow-Notification-Backend\node_modules\kafkajs\src\cluster\index.js:230:11)[39m
[2025-12-29 19:02:25] [[31merror[39m]: [31mServer startup failed:[39m
[31mThis server does not host this topic-partition[39m
[31mKafkaJSProtocolError: This server does not host this topic-partition[39m
[31m    at createErrorFromCode (D:\Projects\BrocamP\Projects\Personal Projects\21. Slotflow\Slotflow-Notification-Backend\node_modules\kafkajs\src\protocol\error.js:581:10)[39m
[31m    at Object.parse (D:\Projects\BrocamP\Projects\Personal Projects\21. Slotflow\Slotflow-Notification-Backend\node_modules\kafkajs\src\protocol\requests\metadata\v0\response.js:55:11)[39m
[31m    at Connection.send (D:\Projects\BrocamP\Projects\Personal Projects\21. Slotflow\Slotflow-Notification-Backend\node_modules\kafkajs\src\network\connection.js:433:35)[39m
[31m    at process.processTicksAndRejections (node:internal/process/task_queues:105:5)[39m
[31m    at async [private:Broker:sendRequest] (D:\Projects\BrocamP\Projects\Personal Projects\21. Slotflow\Slotflow-Notification-Backend\node_modules\kafkajs\src\broker\index.js:904:14)[39m
[31m    at async Broker.metadata (D:\Projects\BrocamP\Projects\Personal Projects\21. Slotflow\Slotflow-Notification-Backend\node_modules\kafkajs\src\broker\index.js:177:12)[39m
[31m    at async D:\Projects\BrocamP\Projects\Personal Projects\21. Slotflow\Slotflow-Notification-Backend\node_modules\kafkajs\src\cluster\brokerPool.js:158:25[39m
[31m    at async D:\Projects\BrocamP\Projects\Personal Projects\21. Slotflow\Slotflow-Notification-Backend\node_modules\kafkajs\src\cluster\index.js:111:14[39m
[31m    at async Cluster.refreshMetadata (D:\Projects\BrocamP\Projects\Personal Projects\21. Slotflow\Slotflow-Notification-Backend\node_modules\kafkajs\src\cluster\index.js:172:5)[39m
[31m    at async Cluster.addMultipleTargetTopics (D:\Projects\BrocamP\Projects\Personal Projects\21. Slotflow\Slotflow-Notification-Backend\node_modules\kafkajs\src\cluster\index.js:230:11)[39m
[2025-12-29 19:41:04] [[31merror[39m]: [31mServer startup failed:[39m
[31mCannot read properties of undefined (reading 'bind')[39m
[31mTypeError: Cannot read properties of undefined (reading 'bind')[39m
[31m    at KafkaConsumerController.startListening (D:\Projects\BrocamP\Projects\Personal Projects\21. Slotflow\Slotflow-Notification-Backend\src\interface\kafka.consumer.controller.ts:60:60)[39m
[31m    at process.processTicksAndRejections (node:internal/process/task_queues:105:5)[39m
[31m    at async start (D:\Projects\BrocamP\Projects\Personal Projects\21. Slotflow\Slotflow-Notification-Backend\src\server.ts:11:5)[39m
[2025-12-29 19:41:28] [[31merror[39m]: [31mServer startup failed[39m
[31mCannot read properties of undefined (reading 'bind')[39m
[31mTypeError: Cannot read properties of undefined (reading 'bind')[39m
[31m    at KafkaConsumerController.startListening (D:\Projects\BrocamP\Projects\Personal Projects\21. Slotflow\Slotflow-Notification-Backend\src\interface\kafka.consumer.controller.ts:60:60)[39m
[31m    at process.processTicksAndRejections (node:internal/process/task_queues:105:5)[39m
[31m    at async start (D:\Projects\BrocamP\Projects\Personal Projects\21. Slotflow\Slotflow-Notification-Backend\src\server.ts:8:5)[39m
[2025-12-29 19:41:41] [[31merror[39m]: [31mServer startup failed[39m
[31mhandler.bind is not a function[39m
[31mTypeError: handler.bind is not a function[39m
[31m    at KafkaConsumerController.startListening (D:\Projects\BrocamP\Projects\Personal Projects\21. Slotflow\Slotflow-Notification-Backend\src\interface\kafka.consumer.controller.ts:60:52)[39m
[31m    at process.processTicksAndRejections (node:internal/process/task_queues:105:5)[39m
[31m    at async start (D:\Projects\BrocamP\Projects\Personal Projects\21. Slotflow\Slotflow-Notification-Backend\src\server.ts:8:5)[39m
[2025-12-29 19:41:56] [[31merror[39m]: [31mServer startup failed[39m
[31mCannot read properties of undefined (reading 'bind')[39m
[31mTypeError: Cannot read properties of undefined (reading 'bind')[39m
[31m    at KafkaConsumerController.startListening (D:\Projects\BrocamP\Projects\Personal Projects\21. Slotflow\Slotflow-Notification-Backend\src\interface\kafka.consumer.controller.ts:60:60)[39m
[31m    at process.processTicksAndRejections (node:internal/process/task_queues:105:5)[39m
[31m    at async start (D:\Projects\BrocamP\Projects\Personal Projects\21. Slotflow\Slotflow-Notification-Backend\src\server.ts:8:5)[39m
[2025-12-29 19:44:48] [[31merror[39m]: [31mServer startup failed[39m
[31mCannot read properties of undefined (reading 'bind')[39m
[31mTypeError: Cannot read properties of undefined (reading 'bind')[39m
[31m    at KafkaConsumerController.startListening (D:\Projects\BrocamP\Projects\Personal Projects\21. Slotflow\Slotflow-Notification-Backend\src\interface\kafka.consumer.controller.ts:60:60)[39m
[31m    at process.processTicksAndRejections (node:internal/process/task_queues:105:5)[39m
[31m    at async start (D:\Projects\BrocamP\Projects\Personal Projects\21. Slotflow\Slotflow-Notification-Backend\src\server.ts:8:5)[39m
[2025-12-29 19:58:24] [[31merror[39m]: [31mServer startup failed[39m
[31mCannot read properties of undefined (reading 'bind')[39m
[31mTypeError: Cannot read properties of undefined (reading 'bind')[39m
[31m    at KafkaConsumerController.startListening (D:\Projects\BrocamP\Projects\Personal Projects\21. Slotflow\Slotflow-Notification-Backend\src\interface\kafka.consumer.controller.ts:60:60)[39m
[31m    at process.processTicksAndRejections (node:internal/process/task_queues:105:5)[39m
[31m    at async start (D:\Projects\BrocamP\Projects\Personal Projects\21. Slotflow\Slotflow-Notification-Backend\src\server.ts:8:5)[39m
[2025-12-29 19:58:26] [[31merror[39m]: [31mServer startup failed[39m
[31mCannot read properties of undefined (reading 'bind')[39m
[31mTypeError: Cannot read properties of undefined (reading 'bind')[39m
[31m    at KafkaConsumerController.startListening (D:\Projects\BrocamP\Projects\Personal Projects\21. Slotflow\Slotflow-Notification-Backend\src\interface\kafka.consumer.controller.ts:60:60)[39m
[31m    at process.processTicksAndRejections (node:internal/process/task_queues:105:5)[39m
[31m    at async start (D:\Projects\BrocamP\Projects\Personal Projects\21. Slotflow\Slotflow-Notification-Backend\src\server.ts:8:5)[39m
[2025-12-29 19:58:46] [[31merror[39m]: [31mServer startup failed[39m
[31mCannot read properties of undefined (reading 'bind')[39m
[31mTypeError: Cannot read properties of undefined (reading 'bind')[39m
[31m    at KafkaConsumerController.startListening (D:\Projects\BrocamP\Projects\Personal Projects\21. Slotflow\Slotflow-Notification-Backend\src\interface\kafka.consumer.controller.ts:60:60)[39m
[31m    at process.processTicksAndRejections (node:internal/process/task_queues:105:5)[39m
[31m    at async start (D:\Projects\BrocamP\Projects\Personal Projects\21. Slotflow\Slotflow-Notification-Backend\src\server.ts:8:5)[39m
[2025-12-29 19:58:48] [[31merror[39m]: [31mServer startup failed[39m
[31mCannot read properties of undefined (reading 'bind')[39m
[31mTypeError: Cannot read properties of undefined (reading 'bind')[39m
[31m    at KafkaConsumerController.startListening (D:\Projects\BrocamP\Projects\Personal Projects\21. Slotflow\Slotflow-Notification-Backend\src\interface\kafka.consumer.controller.ts:60:60)[39m
[31m    at process.processTicksAndRejections (node:internal/process/task_queues:105:5)[39m
[31m    at async start (D:\Projects\BrocamP\Projects\Personal Projects\21. Slotflow\Slotflow-Notification-Backend\src\server.ts:8:5)[39m
[2025-12-29 19:58:51] [[31merror[39m]: [31mServer startup failed[39m
[31mCannot read properties of undefined (reading 'bind')[39m
[31mTypeError: Cannot read properties of undefined (reading 'bind')[39m
[31m    at KafkaConsumerController.startListening (D:\Projects\BrocamP\Projects\Personal Projects\21. Slotflow\Slotflow-Notification-Backend\src\interface\kafka.consumer.controller.ts:60:60)[39m
[31m    at process.processTicksAndRejections (node:internal/process/task_queues:105:5)[39m
[31m    at async start (D:\Projects\BrocamP\Projects\Personal Projects\21. Slotflow\Slotflow-Notification-Backend\src\server.ts:8:5)[39m
[2025-12-29 19:58:54] [[31merror[39m]: [31mServer startup failed[39m
[31mCannot read properties of undefined (reading 'bind')[39m
[31mTypeError: Cannot read properties of undefined (reading 'bind')[39m
[31m    at KafkaConsumerController.startListening (D:\Projects\BrocamP\Projects\Personal Projects\21. Slotflow\Slotflow-Notification-Backend\src\interface\kafka.consumer.controller.ts:60:60)[39m
[31m    at process.processTicksAndRejections (node:internal/process/task_queues:105:5)[39m
[31m    at async start (D:\Projects\BrocamP\Projects\Personal Projects\21. Slotflow\Slotflow-Notification-Backend\src\server.ts:8:5)[39m
